{
  "RSpec": {
    "coverage": {
      "/Users/apprentice/Desktop/kickstarter/app/models/user.rb": [
        1,
        1,
        null,
        1,
        null,
        null,
        1,
        1,
        1,
        null,
        1,
        0,
        null,
        null,
        null,
        null,
        1,
        null,
        59,
        null,
        null,
        1,
        1,
        0,
        null,
        1,
        null,
        null,
        null,
        1,
        2,
        2,
        0,
        null,
        2,
        null,
        null,
        1,
        2,
        null,
        null
      ],
      "/Users/apprentice/Desktop/kickstarter/app/controllers/application_controller.rb": [
        1,
        1,
        null,
        1,
        1,
        null,
        null,
        1,
        15,
        1,
        1,
        null,
        null,
        null
      ],
      "/Users/apprentice/Desktop/kickstarter/app/helpers/application_helper.rb": [
        1,
        null
      ],
      "/Users/apprentice/Desktop/kickstarter/app/helpers/authentications_helper.rb": [
        1,
        1,
        0,
        0,
        null,
        null,
        1,
        0,
        0,
        0,
        null,
        0,
        0,
        null,
        null,
        1,
        0,
        0,
        0,
        0,
        0,
        0,
        0,
        0,
        0,
        null,
        0,
        0,
        null,
        null,
        null
      ],
      "/Users/apprentice/Desktop/kickstarter/app/helpers/campaign_helper.rb": [
        1,
        1,
        null,
        1,
        7,
        6,
        6,
        null,
        6,
        null,
        0,
        0,
        null,
        null,
        null,
        null,
        null,
        null,
        null
      ],
      "/Users/apprentice/Desktop/kickstarter/app/helpers/home_helper.rb": [
        1,
        1,
        370,
        null,
        null,
        1,
        64,
        null,
        null,
        1,
        306,
        null,
        null,
        1,
        86,
        null,
        null
      ],
      "/Users/apprentice/Desktop/kickstarter/app/helpers/stripe_helper.rb": [
        1,
        1,
        0,
        0,
        null,
        0,
        0,
        null,
        0,
        0,
        null,
        0,
        null,
        null,
        1,
        null,
        null,
        null,
        null,
        0,
        0,
        null,
        null,
        null
      ],
      "/Users/apprentice/Desktop/kickstarter/app/helpers/tagging_helper.rb": [
        1,
        1,
        6,
        7,
        7,
        6,
        0,
        0,
        null,
        6,
        null,
        null,
        null,
        1,
        6,
        0,
        0,
        null,
        6,
        null,
        null,
        null,
        1,
        6,
        0,
        0,
        null,
        6,
        null,
        null,
        null
      ],
      "/Users/apprentice/Desktop/kickstarter/app/helpers/view_helper.rb": [
        1,
        null,
        1,
        0,
        0,
        null,
        null,
        1,
        0,
        null,
        null,
        1,
        14,
        null,
        null
      ],
      "/Users/apprentice/Desktop/kickstarter/app/controllers/authentications_controller.rb": [
        1,
        1,
        null,
        1,
        0,
        0,
        0,
        0,
        0,
        0,
        null,
        0,
        null,
        null,
        null,
        1,
        1,
        null
      ],
      "/Users/apprentice/Desktop/kickstarter/app/models/authentication.rb": [
        1,
        1,
        null,
        1,
        null,
        null
      ],
      "/Users/apprentice/Desktop/kickstarter/app/controllers/campaign_users_controller.rb": [
        1,
        null,
        null,
        null,
        null,
        null
      ],
      "/Users/apprentice/Desktop/kickstarter/app/models/campaign_user.rb": [
        1,
        1,
        null,
        1,
        1,
        null,
        1,
        1,
        null
      ],
      "/Users/apprentice/Desktop/kickstarter/app/controllers/campaigns_controller.rb": [
        1,
        1,
        1,
        null,
        1,
        1,
        null,
        1,
        1,
        1,
        null,
        null,
        1,
        2,
        null,
        null,
        1,
        1,
        1,
        1,
        1,
        1,
        null,
        0,
        null,
        null,
        null,
        1,
        7,
        7,
        7,
        7,
        null,
        null,
        1,
        null,
        null,
        1,
        0,
        0,
        0,
        null,
        0,
        null,
        null,
        null,
        1,
        0,
        0,
        null,
        null,
        1,
        0,
        0,
        0,
        null,
        null,
        1,
        1,
        0,
        0,
        null,
        1,
        1,
        1,
        1,
        2,
        null,
        0,
        null,
        null,
        null,
        null,
        null,
        1,
        1,
        1,
        1,
        1,
        1,
        1,
        1,
        null,
        1,
        1,
        null,
        0,
        null,
        null,
        0,
        null,
        null,
        null,
        1,
        3,
        3,
        3,
        3,
        null,
        null,
        1,
        1,
        1,
        1,
        1,
        null,
        null,
        1,
        1,
        1,
        1,
        1,
        1,
        0,
        0,
        null,
        null,
        null,
        null
      ],
      "/Users/apprentice/Desktop/kickstarter/app/models/campaign.rb": [
        1,
        1,
        1,
        null,
        1,
        1,
        1,
        null,
        1,
        null,
        1,
        1,
        1,
        null,
        1,
        null,
        1,
        2,
        2,
        0,
        0,
        null,
        0,
        null,
        0,
        null,
        0,
        0,
        null,
        2,
        null,
        null,
        null,
        1,
        2,
        null,
        null
      ],
      "/Users/apprentice/Desktop/kickstarter/app/helpers/create_form_validation.rb": [
        1,
        1,
        null,
        1,
        1,
        1,
        1,
        1,
        null,
        1,
        1,
        null,
        null,
        1,
        null,
        null,
        null,
        null,
        null,
        null
      ],
      "/Users/apprentice/Desktop/kickstarter/app/controllers/home_controller.rb": [
        1,
        1,
        1,
        null,
        1,
        6,
        6,
        6,
        6,
        6,
        null,
        null,
        1,
        null,
        null,
        null,
        0,
        null,
        null
      ],
      "/Users/apprentice/Desktop/kickstarter/app/controllers/passwords_controller.rb": [
        1,
        1,
        0,
        0,
        null,
        0,
        0,
        0,
        null,
        0,
        null,
        null,
        null,
        1,
        1,
        0,
        null,
        null
      ],
      "/Users/apprentice/Desktop/kickstarter/app/controllers/registrations_controller.rb": [
        1,
        1,
        1,
        null,
        1,
        1,
        1,
        0,
        0,
        null,
        null,
        null,
        1,
        0,
        0,
        null,
        null,
        1,
        1,
        null,
        1,
        1,
        1,
        1,
        1,
        null,
        0,
        0,
        0,
        null,
        null,
        0,
        0,
        0,
        null,
        1,
        null,
        null,
        1,
        null,
        1,
        1,
        null,
        null,
        1,
        1,
        null,
        null
      ],
      "/Users/apprentice/Desktop/kickstarter/app/controllers/sessions_controller.rb": [
        1,
        1,
        0,
        null,
        null
      ],
      "/Users/apprentice/Desktop/kickstarter/app/controllers/stripe_controller.rb": [
        1,
        1,
        null,
        1,
        1,
        null,
        1,
        0,
        0,
        0,
        0,
        0,
        null,
        null,
        1,
        0,
        0,
        0,
        0,
        0,
        0,
        0,
        null,
        null,
        0,
        0,
        null,
        null
      ],
      "/Users/apprentice/Desktop/kickstarter/app/controllers/topics_controller.rb": [
        1,
        null,
        null,
        null,
        null,
        null,
        null,
        null,
        null,
        null
      ],
      "/Users/apprentice/Desktop/kickstarter/app/models/topic.rb": [
        1,
        1,
        null,
        1,
        null,
        1,
        null,
        null,
        null
      ],
      "/Users/apprentice/Desktop/kickstarter/app/controllers/users_controller.rb": [
        1,
        1,
        1,
        null,
        1,
        0,
        null,
        null,
        1,
        2,
        2,
        2,
        2,
        2,
        0,
        null,
        null,
        null,
        null,
        1,
        2,
        null,
        null
      ],
      "/Users/apprentice/Desktop/kickstarter/app/mailers/user_mailer.rb": [
        1,
        1,
        null,
        1,
        0,
        0,
        0,
        null,
        null,
        null,
        null
      ],
      "/Users/apprentice/Desktop/kickstarter/app/workers/scheduled_worker.rb": [
        1,
        1,
        1,
        null,
        null,
        1,
        0,
        0,
        0,
        null,
        0,
        0,
        null,
        null,
        null,
        1,
        0,
        0,
        0,
        null,
        null,
        null,
        null,
        null,
        null,
        null,
        null,
        1,
        0,
        0,
        0,
        0,
        0,
        null,
        0,
        null,
        null
      ]
    },
    "timestamp": 1373403462
  }
}
